<?xml version="1.0" encoding="UTF-8"?>
<!-- Generated by org.testng.reporters.JUnitReportReporter -->
<testsuite hostname="Kartheekslaptop" failures="0" tests="1" name="_10_webdriverpractice.basics.windows.WindowsExerciseTest" time="22.726" errors="0" timestamp="2020-08-13T12:32:33 IST" skipped="0">
  <testcase classname="_10_webdriverpractice.basics.windows.WindowsExerciseTest" name="playingWithWindowHandlesTest" time="22.726"/>
  <system-out/>
</testsuite> <!-- _10_webdriverpractice.basics.windows.WindowsExerciseTest -->
