<?xml version="1.0" encoding="UTF-8"?>
<!-- Generated by org.testng.reporters.JUnitReportReporter -->
<testsuite skipped="0" hostname="Kartheekslaptop" name="webdriverpractice.driverbasics.MyChromeTest" tests="3" failures="0" timestamp="2020-05-29T22:03:41 IST" time="14.545" errors="0">
  <testcase name="closeWithNoBrowserOpen" time="3.808" classname="webdriverpractice.driverbasics.MyChromeTest"/>
  <system-out/>
  <testcase name="driverIsTheKing" time="5.144" classname="webdriverpractice.driverbasics.MyChromeTest"/>
  <system-out/>
  <testcase name="quitBeforeCloseTest" time="5.593" classname="webdriverpractice.driverbasics.MyChromeTest"/>
  <system-out/>
</testsuite> <!-- webdriverpractice.driverbasics.MyChromeTest -->
