<?xml version="1.0" encoding="UTF-8"?>
<!-- Generated by org.testng.reporters.JUnitReportReporter -->
<testsuite skipped="0" hostname="Kartheekslaptop" name="webdriverpractice.interrogation.findby.FindByCSSSelectorPathsExampleTest" tests="3" failures="0" timestamp="2020-06-02T20:55:01 IST" time="0.181" errors="0">
  <testcase name="sibilingsOfPreceding" time="0.045" classname="webdriverpractice.interrogation.findby.FindByCSSSelectorPathsExampleTest"/>
  <system-out/>
  <testcase name="directDecendent" time="0.038" classname="webdriverpractice.interrogation.findby.FindByCSSSelectorPathsExampleTest"/>
  <system-out/>
  <testcase name="anyDecendent" time="0.098" classname="webdriverpractice.interrogation.findby.FindByCSSSelectorPathsExampleTest"/>
  <system-out/>
</testsuite> <!-- webdriverpractice.interrogation.findby.FindByCSSSelectorPathsExampleTest -->
