<?xml version="1.0" encoding="UTF-8"?>
<!-- Generated by org.testng.reporters.JUnitReportReporter -->
<testsuite hostname="Kartheekslaptop" failures="0" tests="1" name="webdriverpractice.windows.WindowsExerciseTest" time="22.036" errors="0" timestamp="2020-06-09T23:08:03 IST" skipped="0">
  <testcase classname="webdriverpractice.windows.WindowsExerciseTest" name="playingWithWindowHandlesTest" time="22.036"/>
  <system-out/>
</testsuite> <!-- webdriverpractice.windows.WindowsExerciseTest -->
