<?xml version="1.0" encoding="UTF-8"?>
<!-- Generated by org.testng.reporters.JUnitReportReporter -->
<testsuite hostname="Kartheekslaptop" failures="0" tests="1" name="webdriverpractice.synchronization.introduction.ManageWindowsExampleTest" time="4.690" errors="0" timestamp="2020-06-11T22:25:04 IST" skipped="0">
  <testcase classname="webdriverpractice.synchronization.introduction.ManageWindowsExampleTest" name="feelThePainExerciseImplicitWait" time="4.690"/>
  <system-out/>
</testsuite> <!-- webdriverpractice.synchronization.introduction.ManageWindowsExampleTest -->
