<?xml version="1.0" encoding="UTF-8"?>
<!-- Generated by org.testng.reporters.JUnitReportReporter -->
<testsuite hostname="Kartheekslaptop" failures="0" tests="1" name="webdriverpractice.frames.FramesExercisesTest" time="3.718" errors="0" timestamp="2020-06-08T21:54:16 IST" skipped="0">
  <testcase classname="webdriverpractice.frames.FramesExercisesTest" name="switchToFrameByWebElement" time="3.718"/>
  <system-out/>
</testsuite> <!-- webdriverpractice.frames.FramesExercisesTest -->
