<?xml version="1.0" encoding="UTF-8"?>
<!-- Generated by org.testng.reporters.JUnitReportReporter -->
<testsuite hostname="Kartheekslaptop" failures="0" tests="4" name="webdriverpractice.synchronization.introduction.WebDriverWaitFeelThePainExerciseRefactored" time="9.772" errors="0" timestamp="2020-06-13T22:58:01 IST" skipped="0">
  <testcase classname="webdriverpractice.synchronization.introduction.WebDriverWaitFeelThePainExerciseRefactored" name="chooseToCodeInJavaOnTheServerFromCombosSyncOnOptionVisibleExample" time="1.829"/>
  <system-out/>
  <testcase classname="webdriverpractice.synchronization.introduction.WebDriverWaitFeelThePainExerciseRefactored" name="chooseToCodeInJavaOnTheServerFromCombosSyncOnAjaxBusyExample" time="1.746"/>
  <system-out/>
  <testcase classname="webdriverpractice.synchronization.introduction.WebDriverWaitFeelThePainExerciseRefactored" name="chooseToCodeInJavaOnTheServerFromCombosSyncOnOptionClickableExample" time="4.438"/>
  <system-out/>
  <testcase classname="webdriverpractice.synchronization.introduction.WebDriverWaitFeelThePainExerciseRefactored" name="chooseToCodeInJavaOnTheServerFromCombosSyncOnOptionPresentExample" time="1.759"/>
  <system-out/>
</testsuite> <!-- webdriverpractice.synchronization.introduction.WebDriverWaitFeelThePainExerciseRefactored -->
