<?xml version="1.0" encoding="UTF-8"?>
<!-- Generated by org.testng.reporters.JUnitReportReporter -->
<testsuite hostname="Kartheekslaptop" failures="0" tests="1" name="webdriverpractice.synchronization.introduction.WebDriverWaitFeelThePainExercise" time="4.831" errors="0" timestamp="2020-06-13T22:23:15 IST" skipped="0">
  <testcase classname="webdriverpractice.synchronization.introduction.WebDriverWaitFeelThePainExercise" name="feelThePainExerciseExplicitWait" time="4.831"/>
  <system-out/>
</testsuite> <!-- webdriverpractice.synchronization.introduction.WebDriverWaitFeelThePainExercise -->
