<?xml version="1.0" encoding="UTF-8"?>
<!-- Generated by org.testng.reporters.JUnitReportReporter -->
<testsuite hostname="Kartheekslaptop" failures="0" tests="3" name="_19_webdriverpractice.takesscreenshot.ScreenshotsExerciseTest2" time="5.507" errors="0" timestamp="2020-08-10T18:14:47 IST" skipped="0">
  <testcase classname="_19_webdriverpractice.takesscreenshot.ScreenshotsExerciseTest2" name="getScreenshotAsFile" time="0.775"/>
  <system-out/>
  <testcase classname="_19_webdriverpractice.takesscreenshot.ScreenshotsExerciseTest2" name="getScreenshotAsBase64" time="3.826"/>
  <system-out/>
  <testcase classname="_19_webdriverpractice.takesscreenshot.ScreenshotsExerciseTest2" name="getScreenshotAsByteArray" time="0.906"/>
  <system-out/>
</testsuite> <!-- _19_webdriverpractice.takesscreenshot.ScreenshotsExerciseTest2 -->
