<?xml version="1.0" encoding="UTF-8"?>
<!-- Generated by org.testng.reporters.JUnitReportReporter -->
<testsuite skipped="0" hostname="Kartheekslaptop" name="webdriverpractice.interrogation.findby.FindByCSSSelectorExampleTest" tests="2" failures="0" timestamp="2020-06-02T17:21:25 IST" time="0.095" errors="0">
  <testcase name="findbyCSSTagName" time="0.037" classname="webdriverpractice.interrogation.findby.FindByCSSSelectorExampleTest"/>
  <system-out/>
  <testcase name="findByCSSID" time="0.058" classname="webdriverpractice.interrogation.findby.FindByCSSSelectorExampleTest"/>
  <system-out/>
</testsuite> <!-- webdriverpractice.interrogation.findby.FindByCSSSelectorExampleTest -->
