<?xml version="1.0" encoding="UTF-8"?>
<!-- Generated by org.testng.reporters.JUnitReportReporter -->
<testsuite skipped="0" hostname="Kartheekslaptop" name="webdriverpractice.manipulate.ManipulateExerciseMultipleSelect" tests="1" failures="0" timestamp="2020-06-05T22:08:28 IST" time="3.962" errors="0">
  <testcase name="submitFormUsingSelectClass" time="3.962" classname="webdriverpractice.manipulate.ManipulateExerciseMultipleSelect"/>
  <system-out/>
</testsuite> <!-- webdriverpractice.manipulate.ManipulateExerciseMultipleSelect -->
