<?xml version="1.0" encoding="UTF-8"?>
<!-- Generated by org.testng.reporters.JUnitReportReporter -->
<testsuite hostname="Kartheekslaptop" failures="0" tests="1" name="webdriverpractice.managingwindows.ManageWindowsExampleTest" time="12.698" errors="0" timestamp="2020-06-11T11:49:54 IST" skipped="0">
  <testcase classname="webdriverpractice.managingwindows.ManageWindowsExampleTest" name="canManageWindows" time="12.698"/>
  <system-out/>
</testsuite> <!-- webdriverpractice.managingwindows.ManageWindowsExampleTest -->
