<?xml version="1.0" encoding="UTF-8"?>
<!-- Generated by org.testng.reporters.JUnitReportReporter -->
<testsuite hostname="Kartheekslaptop" failures="0" tests="1" name="webdriverpractice.managingwindows.ManageWindowsExerciseTest" time="6.042" errors="0" timestamp="2020-06-11T12:14:14 IST" skipped="0">
  <testcase classname="webdriverpractice.managingwindows.ManageWindowsExerciseTest" name="resizeAndTestForElements" time="6.042"/>
  <system-out/>
</testsuite> <!-- webdriverpractice.managingwindows.ManageWindowsExerciseTest -->
