<?xml version="1.0" encoding="UTF-8"?>
<!-- Generated by org.testng.reporters.JUnitReportReporter -->
<testsuite hostname="Kartheekslaptop" failures="0" tests="1" name="webdriverpractice.iframes.IframeExampleTest" time="4.008" errors="0" timestamp="2020-06-09T10:32:16 IST" skipped="0">
  <testcase classname="webdriverpractice.iframes.IframeExampleTest" name="switchToFrameAndFindElement" time="4.008"/>
  <system-out/>
</testsuite> <!-- webdriverpractice.iframes.IframeExampleTest -->
