<?xml version="1.0" encoding="UTF-8"?>
<!-- Generated by org.testng.reporters.JUnitReportReporter -->
<testsuite hostname="Kartheekslaptop" failures="0" tests="6" name="webdriverpractice.alerts.AlertsHandlingExerciseTest" time="17.193" errors="0" timestamp="2020-06-07T12:25:02 IST" skipped="0">
  <testcase classname="webdriverpractice.alerts.AlertsHandlingExerciseTest" name="acceptConfirmBox" time="0.616"/>
  <system-out/>
  <testcase classname="webdriverpractice.alerts.AlertsHandlingExerciseTest" name="acceptAlert" time="3.729"/>
  <system-out/>
  <testcase classname="webdriverpractice.alerts.AlertsHandlingExerciseTest" name="dismissAlert" time="0.657"/>
  <system-out/>
  <testcase classname="webdriverpractice.alerts.AlertsHandlingExerciseTest" name="dismissPromptAlert" time="5.743"/>
  <system-out/>
  <testcase classname="webdriverpractice.alerts.AlertsHandlingExerciseTest" name="dismissConfirmBox" time="0.721"/>
  <system-out/>
  <testcase classname="webdriverpractice.alerts.AlertsHandlingExerciseTest" name="acceptPromptAlert" time="5.727"/>
  <system-out/>
</testsuite> <!-- webdriverpractice.alerts.AlertsHandlingExerciseTest -->
