<?xml version="1.0" encoding="UTF-8"?>
<!-- Generated by org.testng.reporters.JUnitReportReporter -->
<testsuite hostname="Kartheekslaptop" failures="0" tests="1" name="webdriverpractice.synchronization.customexpectedconditions.CustomExpectionExerciseTest" time="10.082" errors="0" timestamp="2020-06-14T13:36:44 IST" skipped="0">
  <testcase classname="webdriverpractice.synchronization.customexpectedconditions.CustomExpectionExerciseTest" name="synchronisationWithCustomExpectedConditionExercise" time="10.082"/>
  <system-out/>
</testsuite> <!-- webdriverpractice.synchronization.customexpectedconditions.CustomExpectionExerciseTest -->
