<?xml version="1.0" encoding="UTF-8"?>
<!-- Generated by org.testng.reporters.JUnitReportReporter -->
<testsuite skipped="0" hostname="Kartheekslaptop" name="webdriverpractice.manipulate.selectSupportClass.ExploreSelectSupportClass" tests="1" failures="0" timestamp="2020-06-04T21:52:21 IST" time="3.454" errors="0">
  <testcase name="submitFormUsingSelectClass" time="3.454" classname="webdriverpractice.manipulate.selectSupportClass.ExploreSelectSupportClass"/>
  <system-out/>
</testsuite> <!-- webdriverpractice.manipulate.selectSupportClass.ExploreSelectSupportClass -->
