<?xml version="1.0" encoding="UTF-8"?>
<!-- Generated by org.testng.reporters.JUnitReportReporter -->
<testsuite hostname="Kartheekslaptop" failures="0" tests="1" name="webdriverpractice.synchronization.customexpectedconditions.CustomExpectionExampleTest" time="5.073" errors="0" timestamp="2020-06-14T11:26:43 IST" skipped="0">
  <testcase classname="webdriverpractice.synchronization.customexpectedconditions.CustomExpectionExampleTest" name="synchronisationWithCustomExpectedCondition" time="5.073"/>
  <system-out/>
</testsuite> <!-- webdriverpractice.synchronization.customexpectedconditions.CustomExpectionExampleTest -->
