<?xml version="1.0" encoding="UTF-8"?>
<!-- Generated by org.testng.reporters.JUnitReportReporter -->
<testsuite hostname="Kartheekslaptop" failures="0" tests="1" name="_16_webdriverpractice.javascript.JavaScriptExecutorExampleTest" time="2.726" errors="0" timestamp="2020-07-16T22:14:00 IST" skipped="0">
  <testcase classname="_16_webdriverpractice.javascript.JavaScriptExecutorExampleTest" name="callJSFunctionOnThePage" time="2.726"/>
  <system-out/>
</testsuite> <!-- _16_webdriverpractice.javascript.JavaScriptExecutorExampleTest -->
