<?xml version="1.0" encoding="UTF-8"?>
<!-- Generated by org.testng.reporters.JUnitReportReporter -->
<testsuite skipped="0" hostname="Kartheekslaptop" name="webdriverpractice.manipulate.ManipulateExerciseDropdownTest" tests="4" failures="0" timestamp="2020-06-04T14:57:05 IST" time="5.091" errors="0">
  <testcase name="submitFormWithDropDown5SelectedOptionFiveDirect" time="0.548" classname="webdriverpractice.manipulate.ManipulateExerciseDropdownTest"/>
  <system-out/>
  <testcase name="submitFormWithDropDown5SelectedChainOfFindElements" time="0.529" classname="webdriverpractice.manipulate.ManipulateExerciseDropdownTest"/>
  <system-out/>
  <testcase name="submitFormUsingSelectClass" time="0.852" classname="webdriverpractice.manipulate.ManipulateExerciseDropdownTest"/>
  <system-out/>
  <testcase name="submitFormWithDropDownFiveUsingKeyboardFullText" time="3.162" classname="webdriverpractice.manipulate.ManipulateExerciseDropdownTest"/>
  <system-out/>
</testsuite> <!-- webdriverpractice.manipulate.ManipulateExerciseDropdownTest -->
