<?xml version="1.0" encoding="UTF-8"?>
<!-- Generated by org.testng.reporters.JUnitReportReporter -->
<testsuite skipped="0" hostname="Kartheekslaptop" name="webdriverpractice.interrogation.findby.FindElementExampleTest" tests="1" failures="0" timestamp="2020-05-31T11:43:00 IST" time="1.230" errors="0">
  <testcase name="returnAListOfElementsByClassName" time="1.230" classname="webdriverpractice.interrogation.findby.FindElementExampleTest"/>
  <system-out/>
</testsuite> <!-- webdriverpractice.interrogation.findby.FindElementExampleTest -->
