<?xml version="1.0" encoding="UTF-8"?>
<!-- Generated by org.testng.reporters.JUnitReportReporter -->
<testsuite hostname="Kartheekslaptop" failures="0" tests="2" name="_22_webdriverpractice.pageobjects.loadablecomponent.BasicTestsRefactored" time="4.260" errors="0" timestamp="2020-08-15T13:32:36 IST" skipped="0">
  <testcase classname="_22_webdriverpractice.pageobjects.loadablecomponent.BasicTestsRefactored" name="chooseToCodeInJavaOnTheServerFromCombosSyncOnAjaxBusyExample" time="2.439"/>
  <system-out/>
  <testcase classname="_22_webdriverpractice.pageobjects.loadablecomponent.BasicTestsRefactored" name="chooseToCodeInCppOnDesktop" time="1.821"/>
  <system-out/>
</testsuite> <!-- _22_webdriverpractice.pageobjects.loadablecomponent.BasicTestsRefactored -->
