<?xml version="1.0" encoding="UTF-8"?>
<!-- Generated by org.testng.reporters.JUnitReportReporter -->
<testsuite hostname="Kartheekslaptop" failures="0" tests="1" name="_17_webdriverpractice.drivers.ChromeHeadlessDriverTest" time="4.583" errors="0" timestamp="2020-07-18T15:05:39 IST" skipped="0">
  <testcase classname="_17_webdriverpractice.drivers.ChromeHeadlessDriverTest" name="headlessChromeUsageViaArguments" time="4.583"/>
  <system-out/>
</testsuite> <!-- _17_webdriverpractice.drivers.ChromeHeadlessDriverTest -->
