<?xml version="1.0" encoding="UTF-8"?>
<!-- Generated by org.testng.reporters.JUnitReportReporter -->
<testsuite skipped="0" hostname="Kartheekslaptop" name="webdriverpractice.manipulate.ManipulateExampleTest" tests="1" failures="0" timestamp="2020-06-03T21:17:52 IST" time="0.224" errors="0">
  <testcase name="simpleInteraction" time="0.224" classname="webdriverpractice.manipulate.ManipulateExampleTest"/>
  <system-out/>
</testsuite> <!-- webdriverpractice.manipulate.ManipulateExampleTest -->
