<?xml version="1.0" encoding="UTF-8"?>
<!-- Generated by org.testng.reporters.JUnitReportReporter -->
<testsuite skipped="0" hostname="Kartheekslaptop" name="webdriverpractice.interrogation.findby.FindBySCCSelectorBasicExerciseFullAnswersTest" tests="1" failures="0" timestamp="2020-06-02T18:32:41 IST" time="0.281" errors="0">
  <testcase name="findByUsingCSSDataDriven" time="0.281" classname="webdriverpractice.interrogation.findby.FindBySCCSelectorBasicExerciseFullAnswersTest"/>
  <system-out/>
</testsuite> <!-- webdriverpractice.interrogation.findby.FindBySCCSelectorBasicExerciseFullAnswersTest -->
