<?xml version="1.0" encoding="UTF-8"?>
<!-- Generated by org.testng.reporters.JUnitReportReporter -->
<testsuite hostname="Kartheekslaptop" failures="0" tests="1" name="webdriverpractice.cookies.CookiesExampleTest" time="0.442" errors="0" timestamp="2020-06-15T08:03:34 IST" skipped="0">
  <testcase classname="webdriverpractice.cookies.CookiesExampleTest" name="interactWithCookies" time="0.442"/>
  <system-out/>
</testsuite> <!-- webdriverpractice.cookies.CookiesExampleTest -->
