<?xml version="1.0" encoding="UTF-8"?>
<!-- Generated by org.testng.reporters.JUnitReportReporter -->
<testsuite hostname="Kartheekslaptop" failures="0" tests="2" name="_21_webdriverpractice.pageobjects.refactorexampleone.BasicTestsRefactored" time="4.123" errors="0" timestamp="2020-08-15T12:38:02 IST" skipped="0">
  <testcase classname="_21_webdriverpractice.pageobjects.refactorexampleone.BasicTestsRefactored" name="chooseToCodeInJavaOnTheServerFromCombosSyncOnAjaxBusyExample" time="1.651"/>
  <system-out/>
  <testcase classname="_21_webdriverpractice.pageobjects.refactorexampleone.BasicTestsRefactored" name="chooseToCodeInCppOnDesktop" time="2.472"/>
  <system-out/>
</testsuite> <!-- _21_webdriverpractice.pageobjects.refactorexampleone.BasicTestsRefactored -->
