<?xml version="1.0" encoding="UTF-8"?>
<!-- Generated by org.testng.reporters.JUnitReportReporter -->
<testsuite hostname="Kartheekslaptop" failures="0" tests="1" name="webdriverpractice.iframes.IframesExercisesTest" time="3.437" errors="0" timestamp="2020-06-09T11:05:55 IST" skipped="0">
  <testcase classname="webdriverpractice.iframes.IframesExercisesTest" name="whatDoesTitleShowWhenSwitchedToFrame" time="3.437"/>
  <system-out/>
</testsuite> <!-- webdriverpractice.iframes.IframesExercisesTest -->
