<?xml version="1.0" encoding="UTF-8"?>
<!-- Generated by org.testng.reporters.JUnitReportReporter -->
<testsuite skipped="0" hostname="Kartheekslaptop" name="webdriverpractice.interrogation.DriverInterrogateTest" tests="1" failures="0" timestamp="2020-05-30T21:10:58 IST" time="6.635" errors="0">
  <testcase name="driverLevelPageInterrogateMethods" time="6.635" classname="webdriverpractice.interrogation.DriverInterrogateTest"/>
  <system-out/>
</testsuite> <!-- webdriverpractice.interrogation.DriverInterrogateTest -->
