<?xml version="1.0" encoding="UTF-8"?>
<!-- Generated by org.testng.reporters.JUnitReportReporter -->
<testsuite hostname="Kartheekslaptop" failures="0" tests="1" name="webdriverpractice.synchronization.webdriverwait.WebDriverWaitFeelThePainExercise" time="4.992" errors="0" timestamp="2020-06-14T21:27:08 IST" skipped="0">
  <testcase classname="webdriverpractice.synchronization.webdriverwait.WebDriverWaitFeelThePainExercise" name="feelThePainExerciseImplicitWait" time="4.992"/>
  <system-out/>
</testsuite> <!-- webdriverpractice.synchronization.webdriverwait.WebDriverWaitFeelThePainExercise -->
