<?xml version="1.0" encoding="UTF-8"?>
<!-- Generated by org.testng.reporters.JUnitReportReporter -->
<testsuite hostname="Kartheekslaptop" failures="0" tests="1" name="_17_webdriverpractice.drivers.ChromeDriverTest" time="6.685" errors="0" timestamp="2020-07-18T13:22:11 IST" skipped="0">
  <testcase classname="_17_webdriverpractice.drivers.ChromeDriverTest" name="basicChromeDriverOptions" time="6.685"/>
  <system-out/>
</testsuite> <!-- _17_webdriverpractice.drivers.ChromeDriverTest -->
