<?xml version="1.0" encoding="UTF-8"?>
<!-- Generated by org.testng.reporters.JUnitReportReporter -->
<testsuite skipped="0" hostname="Kartheekslaptop" name="webdriverpractice.interrogation.WebElementInterrogationTest" tests="1" failures="0" timestamp="2020-05-30T21:38:20 IST" time="6.544" errors="0">
  <testcase name="webelementInterrogation" time="6.544" classname="webdriverpractice.interrogation.WebElementInterrogationTest"/>
  <system-out/>
</testsuite> <!-- webdriverpractice.interrogation.WebElementInterrogationTest -->
