<?xml version="1.0" encoding="UTF-8"?>
<!-- Generated by org.testng.reporters.JUnitReportReporter -->
<testsuite hostname="Kartheekslaptop" failures="0" tests="1" name="webdriverpractice.frames.FramesWhatIfTest" time="4.212" errors="0" timestamp="2020-06-08T21:43:49 IST" skipped="0">
  <testcase classname="webdriverpractice.frames.FramesWhatIfTest" name="whatDoesTitleGetWhenSwitchToFrame" time="4.212"/>
  <system-out/>
</testsuite> <!-- webdriverpractice.frames.FramesWhatIfTest -->
