<?xml version="1.0" encoding="UTF-8"?>
<!-- Generated by org.testng.reporters.JUnitReportReporter -->
<testsuite skipped="0" hostname="Kartheekslaptop" name="webdriverpractice.manipulate.ManipulateExerciseCommentsTest" tests="1" failures="0" timestamp="2020-06-04T13:43:51 IST" time="3.477" errors="0">
  <testcase name="submitWithButtonSubmit" time="3.477" classname="webdriverpractice.manipulate.ManipulateExerciseCommentsTest"/>
  <system-out/>
</testsuite> <!-- webdriverpractice.manipulate.ManipulateExerciseCommentsTest -->
