<?xml version="1.0" encoding="UTF-8"?>
<!-- Generated by org.testng.reporters.JUnitReportReporter -->
<testsuite skipped="0" hostname="Kartheekslaptop" name="webdriverpractice.interrogation.findby.FindElementsExerciseTest" tests="5" failures="0" timestamp="2020-05-31T19:58:08 IST" time="0.698" errors="0">
  <testcase name="nestedParasByClass" time="0.013" classname="webdriverpractice.interrogation.findby.FindElementsExerciseTest"/>
  <system-out/>
  <testcase name="checkForAtags" time="0.062" classname="webdriverpractice.interrogation.findby.FindElementsExerciseTest"/>
  <system-out/>
  <testcase name="doesFindElementsThrowsExceptionWhenNoMatch" time="0.014" classname="webdriverpractice.interrogation.findby.FindElementsExerciseTest"/>
  <system-out/>
  <testcase name="checkForDivTags" time="0.022" classname="webdriverpractice.interrogation.findby.FindElementsExerciseTest"/>
  <system-out/>
  <testcase name="checkForParasgraphs" time="0.587" classname="webdriverpractice.interrogation.findby.FindElementsExerciseTest"/>
  <system-out/>
</testsuite> <!-- webdriverpractice.interrogation.findby.FindElementsExerciseTest -->
