<?xml version="1.0" encoding="UTF-8"?>
<!-- Generated by org.testng.reporters.JUnitReportReporter -->
<testsuite skipped="0" hostname="Kartheekslaptop" name="webdriverpractice.interrogation.findby.FindByCSSSelectorBasicExerciseTest" tests="4" failures="0" timestamp="2020-06-02T17:52:40 IST" time="0.140" errors="0">
  <testcase name="findByClassNameUsingCSS" time="0.051" classname="webdriverpractice.interrogation.findby.FindByCSSSelectorBasicExerciseTest"/>
  <system-out/>
  <testcase name="findByIdUsingCSS" time="0.032" classname="webdriverpractice.interrogation.findby.FindByCSSSelectorBasicExerciseTest"/>
  <system-out/>
  <testcase name="findByNameUsingCSS" time="0.027" classname="webdriverpractice.interrogation.findby.FindByCSSSelectorBasicExerciseTest"/>
  <system-out/>
  <testcase name="findBytagNameUsingCSS" time="0.030" classname="webdriverpractice.interrogation.findby.FindByCSSSelectorBasicExerciseTest"/>
  <system-out/>
</testsuite> <!-- webdriverpractice.interrogation.findby.FindByCSSSelectorBasicExerciseTest -->
