<?xml version="1.0" encoding="UTF-8"?>
<!-- Generated by org.testng.reporters.JUnitReportReporter -->
<testsuite hostname="Kartheekslaptop" failures="0" tests="2" name="_23_webdriverpractice.pageobjects.pagefactory.BasicTestsRefactored" time="5.004" errors="0" timestamp="2020-08-15T15:05:16 IST" skipped="0">
  <testcase classname="_23_webdriverpractice.pageobjects.pagefactory.BasicTestsRefactored" name="chooseToCodeInJavaOnTheServerFromCombosSyncOnAjaxBusyExample" time="3.170"/>
  <system-out/>
  <testcase classname="_23_webdriverpractice.pageobjects.pagefactory.BasicTestsRefactored" name="chooseToCodeInCppOnDesktop" time="1.834"/>
  <system-out/>
</testsuite> <!-- _23_webdriverpractice.pageobjects.pagefactory.BasicTestsRefactored -->
