<?xml version="1.0" encoding="UTF-8"?>
<!-- Generated by org.testng.reporters.JUnitReportReporter -->
<testsuite hostname="Kartheekslaptop" failures="0" tests="1" name="webdriverpractice.synchronization.customexpectedconditions.InlineExpectedConditionsExampleTest" time="4.292" errors="0" timestamp="2020-06-14T11:57:13 IST" skipped="0">
  <testcase classname="webdriverpractice.synchronization.customexpectedconditions.InlineExpectedConditionsExampleTest" name="synchronisationWithExpectedConditionInMethod" time="4.292"/>
  <system-out/>
</testsuite> <!-- webdriverpractice.synchronization.customexpectedconditions.InlineExpectedConditionsExampleTest -->
